This is XeTeX, Version 3.141592653-2.6-0.999993 (MiKTeX 21.6) (preloaded format=xelatex 2021.6.10)  15 OCT 2021 11:26
entering extended mode
**./Sujet.tex
(Sujet.tex
LaTeX2e <2021-06-01>
L3 programming layer <2021-06-01>
(C:\Program Files\MiKTeX 2.9\tex/latex/base\article.cls
Document Class: article 2021/02/12 v1.4n Standard LaTeX document class
(C:\Program Files\MiKTeX 2.9\tex/latex/base\size11.clo
File: size11.clo 2021/02/12 v1.4n Standard LaTeX file (size option)
)
\c@part=\count178
\c@section=\count179
\c@subsection=\count180
\c@subsubsection=\count181
\c@paragraph=\count182
\c@subparagraph=\count183
\c@figure=\count184
\c@table=\count185
\abovecaptionskip=\skip47
\belowcaptionskip=\skip48
\bibindent=\dimen138
)
(C:\Program Files\MiKTeX 2.9\tex/latex/graphics\graphicx.sty
Package: graphicx 2020/12/05 v1.2c Enhanced LaTeX Graphics (DPC,SPQR)

(C:\Program Files\MiKTeX 2.9\tex/latex/graphics\keyval.sty
Package: keyval 2014/10/28 v1.15 key=value parser (DPC)
\KV@toks@=\toks16
)
(C:\Program Files\MiKTeX 2.9\tex/latex/graphics\graphics.sty
Package: graphics 2021/03/04 v1.4d Standard LaTeX Graphics (DPC,SPQR)

(C:\Program Files\MiKTeX 2.9\tex/latex/graphics\trig.sty
Package: trig 2016/01/03 v1.10 sin cos tan (DPC)
)
(C:\Program Files\MiKTeX 2.9\tex/latex/graphics-cfg\graphics.cfg
File: graphics.cfg 2016/06/04 v1.11 sample graphics configuration
)
Package graphics Info: Driver file: xetex.def on input line 107.

(C:\Program Files\MiKTeX 2.9\tex/latex/graphics-def\xetex.def
File: xetex.def 2021/03/18 v5.0k Graphics/color driver for xetex
))
\Gin@req@height=\dimen139
\Gin@req@width=\dimen140
)
(C:\Users\Xefju\AppData\Roaming\MiKTeX\2.9\tex/latex/tools\longtable.sty
Package: longtable 2021-05-07 v4.16 Multi-page Table package (DPC)
\LTleft=\skip49
\LTright=\skip50
\LTpre=\skip51
\LTpost=\skip52
\LTchunksize=\count186
\LTcapwidth=\dimen141
\LT@head=\box50
\LT@firsthead=\box51
\LT@foot=\box52
\LT@lastfoot=\box53
\LT@gbox=\box54
\LT@cols=\count187
\LT@rows=\count188
\c@LT@tables=\count189
\c@LT@chunks=\count190
\LT@p@ftn=\toks17
)
(C:\Program Files\MiKTeX 2.9\tex/latex/float\float.sty
Package: float 2001/11/08 v1.3d Float enhancements (AL)
\c@float@type=\count191
\float@exts=\toks18
\float@box=\box55
\@float@everytoks=\toks19
\@floatcapt=\box56
)
(C:\Users\Xefju\AppData\Roaming\MiKTeX\2.9\tex/latex/wrapfig\wrapfig.sty
\wrapoverhang=\dimen142
\WF@size=\dimen143
\c@WF@wrappedlines=\count192
\WF@box=\box57
\WF@everypar=\toks20
Package: wrapfig 2003/01/31  v 3.6
)
(C:\Program Files\MiKTeX 2.9\tex/latex/graphics\rotating.sty
Package: rotating 2016/08/11 v2.16d rotated objects in LaTeX

(C:\Program Files\MiKTeX 2.9\tex/latex/base\ifthen.sty
Package: ifthen 2020/11/24 v1.1c Standard LaTeX ifthen package (DPC)
)
\c@r@tfl@t=\count193
\rotFPtop=\skip53
\rotFPbot=\skip54
\rot@float@box=\box58
\rot@mess@toks=\toks21
)
(C:\Users\Xefju\AppData\Roaming\MiKTeX\2.9\tex/latex/ulem\ulem.sty
\UL@box=\box59
\UL@hyphenbox=\box60
\UL@skip=\skip55
\UL@hook=\toks22
\UL@height=\dimen144
\UL@pe=\count194
\UL@pixel=\dimen145
\ULC@box=\box61
Package: ulem 2019/11/18
\ULdepth=\dimen146
)
(C:\Program Files\MiKTeX 2.9\tex/latex/amsmath\amsmath.sty
Package: amsmath 2021/04/20 v2.17j AMS math features
\@mathmargin=\skip56

For additional information on amsmath, use the `?' option.
(C:\Program Files\MiKTeX 2.9\tex/latex/amsmath\amstext.sty
Package: amstext 2000/06/29 v2.01 AMS text

(C:\Program Files\MiKTeX 2.9\tex/latex/amsmath\amsgen.sty
File: amsgen.sty 1999/11/30 v2.0 generic functions
\@emptytoks=\toks23
\ex@=\dimen147
))
(C:\Program Files\MiKTeX 2.9\tex/latex/amsmath\amsbsy.sty
Package: amsbsy 1999/11/29 v1.2d Bold Symbols
\pmbraise@=\dimen148
)
(C:\Program Files\MiKTeX 2.9\tex/latex/amsmath\amsopn.sty
Package: amsopn 2016/03/08 v2.02 operator names
)
\inf@bad=\count195
LaTeX Info: Redefining \frac on input line 234.
\uproot@=\count196
\leftroot@=\count197
LaTeX Info: Redefining \overline on input line 399.
\classnum@=\count198
\DOTSCASE@=\count199
LaTeX Info: Redefining \ldots on input line 496.
LaTeX Info: Redefining \dots on input line 499.
LaTeX Info: Redefining \cdots on input line 620.
\Mathstrutbox@=\box62
\strutbox@=\box63
\big@size=\dimen149
LaTeX Font Info:    Redeclaring font encoding OML on input line 743.
LaTeX Font Info:    Redeclaring font encoding OMS on input line 744.
\macc@depth=\count266
\c@MaxMatrixCols=\count267
\dotsspace@=\muskip16
\c@parentequation=\count268
\dspbrk@lvl=\count269
\tag@help=\toks24
\row@=\count270
\column@=\count271
\maxfields@=\count272
\andhelp@=\toks25
\eqnshift@=\dimen150
\alignsep@=\dimen151
\tagshift@=\dimen152
\tagwidth@=\dimen153
\totwidth@=\dimen154
\lineht@=\dimen155
\@envbody=\toks26
\multlinegap=\skip57
\multlinetaggap=\skip58
\mathdisplay@stack=\toks27
LaTeX Info: Redefining \[ on input line 2923.
LaTeX Info: Redefining \] on input line 2924.
)
(C:\Program Files\MiKTeX 2.9\tex/latex/base\textcomp.sty
Package: textcomp 2020/02/02 v2.0n Standard LaTeX package
)
(C:\Users\Xefju\AppData\Roaming\MiKTeX\2.9\tex/latex/marvosym\marvosym.sty
Package: marvosym 2011/07/20 v2.2 Martin Vogel's Symbols font definitions
)
(C:\Users\Xefju\AppData\Roaming\MiKTeX\2.9\tex/latex/wasysym\wasysym.sty
Package: wasysym 2020/01/19 v2.4 Wasy-2 symbol support package
\symwasy=\mathgroup4
LaTeX Font Info:    Overwriting symbol font `wasy' in version `bold'
(Font)                  U/wasy/m/n --> U/wasy/b/n on input line 93.
)
(C:\Program Files\MiKTeX 2.9\tex/latex/amsfonts\amssymb.sty
Package: amssymb 2013/01/14 v3.01 AMS font symbols

(C:\Program Files\MiKTeX 2.9\tex/latex/amsfonts\amsfonts.sty
Package: amsfonts 2013/01/14 v3.01 Basic AMSFonts support
\symAMSa=\mathgroup5
\symAMSb=\mathgroup6
LaTeX Font Info:    Redeclaring math symbol \hbar on input line 98.
LaTeX Font Info:    Overwriting math alphabet `\mathfrak' in version `bold'
(Font)                  U/euf/m/n --> U/euf/b/n on input line 106.
))
(C:\Program Files\MiKTeX 2.9\tex/latex/hyperref\hyperref.sty
Package: hyperref 2021-06-07 v7.00m Hypertext links for LaTeX

(C:\Users\Xefju\AppData\Roaming\MiKTeX\2.9\tex/generic/ltxcmds\ltxcmds.sty
Package: ltxcmds 2020-05-10 v1.25 LaTeX kernel commands for general use (HO)
)
(C:\Users\Xefju\AppData\Roaming\MiKTeX\2.9\tex/generic/iftex\iftex.sty
Package: iftex 2020/03/06 v1.0d TeX engine tests
)
(C:\Users\Xefju\AppData\Roaming\MiKTeX\2.9\tex/generic/pdftexcmds\pdftexcmds.st
y
Package: pdftexcmds 2020-06-27 v0.33 Utility functions of pdfTeX for LuaTeX (HO
)

(C:\Users\Xefju\AppData\Roaming\MiKTeX\2.9\tex/generic/infwarerr\infwarerr.sty
Package: infwarerr 2019/12/03 v1.5 Providing info/warning/error messages (HO)
)
Package pdftexcmds Info: \pdf@primitive is available.
Package pdftexcmds Info: \pdf@ifprimitive is available.
Package pdftexcmds Info: \pdfdraftmode not found.
)
(C:\Users\Xefju\AppData\Roaming\MiKTeX\2.9\tex/generic/kvsetkeys\kvsetkeys.sty
Package: kvsetkeys 2019/12/15 v1.18 Key value parser (HO)
)
(C:\Users\Xefju\AppData\Roaming\MiKTeX\2.9\tex/generic/kvdefinekeys\kvdefinekey
s.sty
Package: kvdefinekeys 2019-12-19 v1.6 Define keys (HO)
)
(C:\Users\Xefju\AppData\Roaming\MiKTeX\2.9\tex/generic/pdfescape\pdfescape.sty
Package: pdfescape 2019/12/09 v1.15 Implements pdfTeX's escape features (HO)
) (C:\Users\Xefju\AppData\Roaming\MiKTeX\2.9\tex/latex/hycolor\hycolor.sty
Package: hycolor 2020-01-27 v1.10 Color options for hyperref/bookmark (HO)
)
(C:\Users\Xefju\AppData\Roaming\MiKTeX\2.9\tex/latex/letltxmacro\letltxmacro.st
y
Package: letltxmacro 2019/12/03 v1.6 Let assignment for LaTeX macros (HO)
) (C:\Users\Xefju\AppData\Roaming\MiKTeX\2.9\tex/latex/auxhook\auxhook.sty
Package: auxhook 2019-12-17 v1.6 Hooks for auxiliary files (HO)
)
(C:\Users\Xefju\AppData\Roaming\MiKTeX\2.9\tex/latex/kvoptions\kvoptions.sty
Package: kvoptions 2020-10-07 v3.14 Key value format for package options (HO)
)
\@linkdim=\dimen156
\Hy@linkcounter=\count273
\Hy@pagecounter=\count274

(C:\Program Files\MiKTeX 2.9\tex/latex/hyperref\pd1enc.def
File: pd1enc.def 2021-06-07 v7.00m Hyperref: PDFDocEncoding definition (HO)
)
(C:\Program Files\MiKTeX 2.9\tex/latex/hyperref\hyperref-langpatches.def
File: hyperref-langpatches.def 2021-06-07 v7.00m Hyperref: patches for babel la
nguages
)
(C:\Users\Xefju\AppData\Roaming\MiKTeX\2.9\tex/generic/intcalc\intcalc.sty
Package: intcalc 2019/12/15 v1.3 Expandable calculations with integers (HO)
)
(C:\Users\Xefju\AppData\Roaming\MiKTeX\2.9\tex/generic/etexcmds\etexcmds.sty
Package: etexcmds 2019/12/15 v1.7 Avoid name clashes with e-TeX commands (HO)
)
\Hy@SavedSpaceFactor=\count275

(C:\Program Files\MiKTeX 2.9\tex/latex/hyperref\puenc.def
File: puenc.def 2021-06-07 v7.00m Hyperref: PDF Unicode definition (HO)
)
Package hyperref Info: Hyper figures OFF on input line 4192.
Package hyperref Info: Link nesting OFF on input line 4197.
Package hyperref Info: Hyper index ON on input line 4200.
Package hyperref Info: Plain pages OFF on input line 4207.
Package hyperref Info: Backreferencing OFF on input line 4212.
Package hyperref Info: Implicit mode ON; LaTeX internals redefined.
Package hyperref Info: Bookmarks ON on input line 4445.
\c@Hy@tempcnt=\count276

(C:\Users\Xefju\AppData\Roaming\MiKTeX\2.9\tex/latex/url\url.sty
\Urlmuskip=\muskip17
Package: url 2013/09/16  ver 3.4  Verb mode for urls, etc.
)
LaTeX Info: Redefining \url on input line 4804.
\XeTeXLinkMargin=\dimen157

(C:\Users\Xefju\AppData\Roaming\MiKTeX\2.9\tex/generic/bitset\bitset.sty
Package: bitset 2019/12/09 v1.3 Handle bit-vector datatype (HO)

(C:\Users\Xefju\AppData\Roaming\MiKTeX\2.9\tex/generic/bigintcalc\bigintcalc.st
y
Package: bigintcalc 2019/12/15 v1.5 Expandable calculations on big integers (HO
)
))
\Fld@menulength=\count277
\Field@Width=\dimen158
\Fld@charsize=\dimen159
Package hyperref Info: Hyper figures OFF on input line 6076.
Package hyperref Info: Link nesting OFF on input line 6081.
Package hyperref Info: Hyper index ON on input line 6084.
Package hyperref Info: backreferencing OFF on input line 6091.
Package hyperref Info: Link coloring OFF on input line 6096.
Package hyperref Info: Link coloring with OCG OFF on input line 6101.
Package hyperref Info: PDF/A mode OFF on input line 6106.
LaTeX Info: Redefining \ref on input line 6146.
LaTeX Info: Redefining \pageref on input line 6150.
 (C:\Program Files\MiKTeX 2.9\tex/latex/base\atbegshi-ltx.sty
Package: atbegshi-ltx 2021/01/10 v1.0c Emulation of the original atbegshi
package with kernel methods
)
\Hy@abspage=\count278
\c@Item=\count279
\c@Hfootnote=\count280
)
Package hyperref Info: Driver (autodetected): hxetex.

(C:\Program Files\MiKTeX 2.9\tex/latex/hyperref\hxetex.def
File: hxetex.def 2021-06-07 v7.00m Hyperref driver for XeTeX

(C:\Users\Xefju\AppData\Roaming\MiKTeX\2.9\tex/generic/stringenc\stringenc.sty
Package: stringenc 2019/11/29 v1.12 Convert strings between diff. encodings (HO
)
)
\pdfm@box=\box64
\c@Hy@AnnotLevel=\count281
\HyField@AnnotCount=\count282
\Fld@listcount=\count283
\c@bookmark@seq@number=\count284

(C:\Users\Xefju\AppData\Roaming\MiKTeX\2.9\tex/latex/rerunfilecheck\rerunfilech
eck.sty
Package: rerunfilecheck 2019/12/05 v1.9 Rerun checks for auxiliary files (HO)
 (C:\Program Files\MiKTeX 2.9\tex/latex/base\atveryend-ltx.sty
Package: atveryend-ltx 2020/08/19 v1.0a Emulation of the original atvery packag
e
with kernel methods
)
(C:\Users\Xefju\AppData\Roaming\MiKTeX\2.9\tex/generic/uniquecounter\uniquecoun
ter.sty
Package: uniquecounter 2019/12/15 v1.4 Provide unlimited unique counter (HO)
)
Package uniquecounter Info: New unique counter `rerunfilecheck' on input line 2
86.
)
\Hy@SectionHShift=\skip59
) (C:\Program Files\MiKTeX 2.9\tex/latex/geometry\geometry.sty
Package: geometry 2020/01/02 v5.9 Page Geometry

(C:\Users\Xefju\AppData\Roaming\MiKTeX\2.9\tex/generic/iftex\ifvtex.sty
Package: ifvtex 2019/10/25 v1.7 ifvtex legacy package. Use iftex instead.
)
\Gm@cnth=\count285
\Gm@cntv=\count286
\c@Gm@tempcnt=\count287
\Gm@bindingoffset=\dimen160
\Gm@wd@mp=\dimen161
\Gm@odd@mp=\dimen162
\Gm@even@mp=\dimen163
\Gm@layoutwidth=\dimen164
\Gm@layoutheight=\dimen165
\Gm@layouthoffset=\dimen166
\Gm@layoutvoffset=\dimen167
\Gm@dimlist=\toks28

(C:\Program Files\MiKTeX 2.9\tex/latex/geometry\geometry.cfg))
(C:\Users\Xefju\AppData\Roaming\MiKTeX\2.9\tex/latex/listings\listings.sty
\lst@mode=\count288
\lst@gtempboxa=\box65
\lst@token=\toks29
\lst@length=\count289
\lst@currlwidth=\dimen168
\lst@column=\count290
\lst@pos=\count291
\lst@lostspace=\dimen169
\lst@width=\dimen170
\lst@newlines=\count292
\lst@lineno=\count293
\lst@maxwidth=\dimen171

(C:\Users\Xefju\AppData\Roaming\MiKTeX\2.9\tex/latex/listings\lstmisc.sty
File: lstmisc.sty 2020/03/24 1.8d (Carsten Heinz)
\c@lstnumber=\count294
\lst@skipnumbers=\count295
\lst@framebox=\box66
)
(C:\Users\Xefju\AppData\Roaming\MiKTeX\2.9\tex/latex/listings\listings.cfg
File: listings.cfg 2020/03/24 1.8d listings configuration
))
Package: listings 2020/03/24 1.8d (Carsten Heinz)

(C:\Users\Xefju\AppData\Roaming\MiKTeX\2.9\tex/latex/listings\lstlang1.sty
File: lstlang1.sty 2020/03/24 1.8d listings language file
)
(C:\Users\Xefju\AppData\Roaming\MiKTeX\2.9\tex/latex/listings\lstlang1.sty
File: lstlang1.sty 2020/03/24 1.8d listings language file
)
(C:\Users\Xefju\AppData\Roaming\MiKTeX\2.9\tex/latex/listings\lstmisc.sty
File: lstmisc.sty 2020/03/24 1.8d (Carsten Heinz)
)
(C:\Users\Xefju\AppData\Roaming\MiKTeX\2.9\tex/latex/xcolor\xcolor.sty
Package: xcolor 2016/05/11 v2.12 LaTeX color extensions (UK)

(C:\Program Files\MiKTeX 2.9\tex/latex/graphics-cfg\color.cfg
File: color.cfg 2016/01/02 v1.6 sample color configuration
)
Package xcolor Info: Driver file: xetex.def on input line 225.
Package xcolor Info: Model `cmy' substituted by `cmy0' on input line 1348.
Package xcolor Info: Model `RGB' extended on input line 1364.
Package xcolor Info: Model `HTML' substituted by `rgb' on input line 1366.
Package xcolor Info: Model `Hsb' substituted by `hsb' on input line 1367.
Package xcolor Info: Model `tHsb' substituted by `hsb' on input line 1368.
Package xcolor Info: Model `HSB' substituted by `hsb' on input line 1369.
Package xcolor Info: Model `Gray' substituted by `gray' on input line 1370.
Package xcolor Info: Model `wave' substituted by `hsb' on input line 1371.

(C:\Program Files\MiKTeX 2.9\tex/latex/graphics\dvipsnam.def
File: dvipsnam.def 2016/06/17 v3.0m Driver-dependent file (DPC,SPQR)
))
(C:\Users\Xefju\AppData\Roaming\MiKTeX\2.9\tex/latex/subfigure\subfigure.sty
Package: subfigure 2002/07/30 v2.1.4 subfigure package
\subfigtopskip=\skip60
\subfigcapskip=\skip61
\subfigcaptopadj=\dimen172
\subfigbottomskip=\skip62
\subfigcapmargin=\dimen173
\subfiglabelskip=\skip63
\c@subfigure=\count296
\c@lofdepth=\count297
\c@subtable=\count298
\c@lotdepth=\count299

****************************************
* Local config file subfigure.cfg used *
****************************************
(C:\Users\Xefju\AppData\Roaming\MiKTeX\2.9\tex/latex/subfigure\subfigure.cfg)
\subfig@top=\skip64
\subfig@bottom=\skip65
)
(C:\Users\Xefju\AppData\Roaming\MiKTeX\2.9\tex/latex/pgf/frontendlayer\tikz.sty
(C:\Users\Xefju\AppData\Roaming\MiKTeX\2.9\tex/latex/pgf/basiclayer\pgf.sty
(C:\Users\Xefju\AppData\Roaming\MiKTeX\2.9\tex/latex/pgf/utilities\pgfrcs.sty
(C:\Users\Xefju\AppData\Roaming\MiKTeX\2.9\tex/generic/pgf/utilities\pgfutil-co
mmon.tex
\pgfutil@everybye=\toks30
\pgfutil@tempdima=\dimen174
\pgfutil@tempdimb=\dimen175

(C:\Users\Xefju\AppData\Roaming\MiKTeX\2.9\tex/generic/pgf/utilities\pgfutil-co
mmon-lists.tex))
(C:\Users\Xefju\AppData\Roaming\MiKTeX\2.9\tex/generic/pgf/utilities\pgfutil-la
tex.def
\pgfutil@abb=\box67
)
(C:\Users\Xefju\AppData\Roaming\MiKTeX\2.9\tex/generic/pgf/utilities\pgfrcs.cod
e.tex
(C:\Users\Xefju\AppData\Roaming\MiKTeX\2.9\tex/generic/pgf\pgf.revision.tex)
Package: pgfrcs 2021/05/15 v3.1.9a (3.1.9a)
))
Package: pgf 2021/05/15 v3.1.9a (3.1.9a)

(C:\Users\Xefju\AppData\Roaming\MiKTeX\2.9\tex/latex/pgf/basiclayer\pgfcore.sty

(C:\Users\Xefju\AppData\Roaming\MiKTeX\2.9\tex/latex/pgf/systemlayer\pgfsys.sty

(C:\Users\Xefju\AppData\Roaming\MiKTeX\2.9\tex/generic/pgf/systemlayer\pgfsys.c
ode.tex
Package: pgfsys 2021/05/15 v3.1.9a (3.1.9a)

(C:\Users\Xefju\AppData\Roaming\MiKTeX\2.9\tex/generic/pgf/utilities\pgfkeys.co
de.tex
\pgfkeys@pathtoks=\toks31
\pgfkeys@temptoks=\toks32

(C:\Users\Xefju\AppData\Roaming\MiKTeX\2.9\tex/generic/pgf/utilities\pgfkeysfil
tered.code.tex
\pgfkeys@tmptoks=\toks33
))
\pgf@x=\dimen176
\pgf@y=\dimen177
\pgf@xa=\dimen178
\pgf@ya=\dimen179
\pgf@xb=\dimen180
\pgf@yb=\dimen181
\pgf@xc=\dimen182
\pgf@yc=\dimen183
\pgf@xd=\dimen184
\pgf@yd=\dimen185
\w@pgf@writea=\write3
\r@pgf@reada=\read2
\c@pgf@counta=\count300
\c@pgf@countb=\count301
\c@pgf@countc=\count302
\c@pgf@countd=\count303
\t@pgf@toka=\toks34
\t@pgf@tokb=\toks35
\t@pgf@tokc=\toks36
\pgf@sys@id@count=\count304

(C:\Users\Xefju\AppData\Roaming\MiKTeX\2.9\tex/generic/pgf/systemlayer\pgf.cfg
File: pgf.cfg 2021/05/15 v3.1.9a (3.1.9a)
)
Driver file for pgf: pgfsys-xetex.def

(C:\Users\Xefju\AppData\Roaming\MiKTeX\2.9\tex/generic/pgf/systemlayer\pgfsys-x
etex.def
File: pgfsys-xetex.def 2021/05/15 v3.1.9a (3.1.9a)

(C:\Users\Xefju\AppData\Roaming\MiKTeX\2.9\tex/generic/pgf/systemlayer\pgfsys-d
vipdfmx.def
File: pgfsys-dvipdfmx.def 2021/05/15 v3.1.9a (3.1.9a)

(C:\Users\Xefju\AppData\Roaming\MiKTeX\2.9\tex/generic/pgf/systemlayer\pgfsys-c
ommon-pdf.def
File: pgfsys-common-pdf.def 2021/05/15 v3.1.9a (3.1.9a)
)
\pgfsys@objnum=\count305
)))
(C:\Users\Xefju\AppData\Roaming\MiKTeX\2.9\tex/generic/pgf/systemlayer\pgfsysso
ftpath.code.tex
File: pgfsyssoftpath.code.tex 2021/05/15 v3.1.9a (3.1.9a)
\pgfsyssoftpath@smallbuffer@items=\count306
\pgfsyssoftpath@bigbuffer@items=\count307
)
(C:\Users\Xefju\AppData\Roaming\MiKTeX\2.9\tex/generic/pgf/systemlayer\pgfsyspr
otocol.code.tex
File: pgfsysprotocol.code.tex 2021/05/15 v3.1.9a (3.1.9a)
))
(C:\Users\Xefju\AppData\Roaming\MiKTeX\2.9\tex/generic/pgf/basiclayer\pgfcore.c
ode.tex
Package: pgfcore 2021/05/15 v3.1.9a (3.1.9a)

(C:\Users\Xefju\AppData\Roaming\MiKTeX\2.9\tex/generic/pgf/math\pgfmath.code.te
x
(C:\Users\Xefju\AppData\Roaming\MiKTeX\2.9\tex/generic/pgf/math\pgfmathcalc.cod
e.tex
(C:\Users\Xefju\AppData\Roaming\MiKTeX\2.9\tex/generic/pgf/math\pgfmathutil.cod
e.tex)
(C:\Users\Xefju\AppData\Roaming\MiKTeX\2.9\tex/generic/pgf/math\pgfmathparser.c
ode.tex
\pgfmath@dimen=\dimen186
\pgfmath@count=\count308
\pgfmath@box=\box68
\pgfmath@toks=\toks37
\pgfmath@stack@operand=\toks38
\pgfmath@stack@operation=\toks39
)
(C:\Users\Xefju\AppData\Roaming\MiKTeX\2.9\tex/generic/pgf/math\pgfmathfunction
s.code.tex
(C:\Users\Xefju\AppData\Roaming\MiKTeX\2.9\tex/generic/pgf/math\pgfmathfunction
s.basic.code.tex)
(C:\Users\Xefju\AppData\Roaming\MiKTeX\2.9\tex/generic/pgf/math\pgfmathfunction
s.trigonometric.code.tex)
(C:\Users\Xefju\AppData\Roaming\MiKTeX\2.9\tex/generic/pgf/math\pgfmathfunction
s.random.code.tex)
(C:\Users\Xefju\AppData\Roaming\MiKTeX\2.9\tex/generic/pgf/math\pgfmathfunction
s.comparison.code.tex)
(C:\Users\Xefju\AppData\Roaming\MiKTeX\2.9\tex/generic/pgf/math\pgfmathfunction
s.base.code.tex)
(C:\Users\Xefju\AppData\Roaming\MiKTeX\2.9\tex/generic/pgf/math\pgfmathfunction
s.round.code.tex)
(C:\Users\Xefju\AppData\Roaming\MiKTeX\2.9\tex/generic/pgf/math\pgfmathfunction
s.misc.code.tex)
(C:\Users\Xefju\AppData\Roaming\MiKTeX\2.9\tex/generic/pgf/math\pgfmathfunction
s.integerarithmetics.code.tex)))
(C:\Users\Xefju\AppData\Roaming\MiKTeX\2.9\tex/generic/pgf/math\pgfmathfloat.co
de.tex
\c@pgfmathroundto@lastzeros=\count309
))
(C:\Users\Xefju\AppData\Roaming\MiKTeX\2.9\tex/generic/pgf/math\pgfint.code.tex
)
(C:\Users\Xefju\AppData\Roaming\MiKTeX\2.9\tex/generic/pgf/basiclayer\pgfcorepo
ints.code.tex
File: pgfcorepoints.code.tex 2021/05/15 v3.1.9a (3.1.9a)
\pgf@picminx=\dimen187
\pgf@picmaxx=\dimen188
\pgf@picminy=\dimen189
\pgf@picmaxy=\dimen190
\pgf@pathminx=\dimen191
\pgf@pathmaxx=\dimen192
\pgf@pathminy=\dimen193
\pgf@pathmaxy=\dimen194
\pgf@xx=\dimen195
\pgf@xy=\dimen196
\pgf@yx=\dimen197
\pgf@yy=\dimen198
\pgf@zx=\dimen199
\pgf@zy=\dimen256
)
(C:\Users\Xefju\AppData\Roaming\MiKTeX\2.9\tex/generic/pgf/basiclayer\pgfcorepa
thconstruct.code.tex
File: pgfcorepathconstruct.code.tex 2021/05/15 v3.1.9a (3.1.9a)
\pgf@path@lastx=\dimen257
\pgf@path@lasty=\dimen258
)
(C:\Users\Xefju\AppData\Roaming\MiKTeX\2.9\tex/generic/pgf/basiclayer\pgfcorepa
thusage.code.tex
File: pgfcorepathusage.code.tex 2021/05/15 v3.1.9a (3.1.9a)
\pgf@shorten@end@additional=\dimen259
\pgf@shorten@start@additional=\dimen260
)
(C:\Users\Xefju\AppData\Roaming\MiKTeX\2.9\tex/generic/pgf/basiclayer\pgfcoresc
opes.code.tex
File: pgfcorescopes.code.tex 2021/05/15 v3.1.9a (3.1.9a)
\pgfpic=\box69
\pgf@hbox=\box70
\pgf@layerbox@main=\box71
\pgf@picture@serial@count=\count310
)
(C:\Users\Xefju\AppData\Roaming\MiKTeX\2.9\tex/generic/pgf/basiclayer\pgfcoregr
aphicstate.code.tex
File: pgfcoregraphicstate.code.tex 2021/05/15 v3.1.9a (3.1.9a)
\pgflinewidth=\dimen261
)
(C:\Users\Xefju\AppData\Roaming\MiKTeX\2.9\tex/generic/pgf/basiclayer\pgfcoretr
ansformations.code.tex
File: pgfcoretransformations.code.tex 2021/05/15 v3.1.9a (3.1.9a)
\pgf@pt@x=\dimen262
\pgf@pt@y=\dimen263
\pgf@pt@temp=\dimen264
)
(C:\Users\Xefju\AppData\Roaming\MiKTeX\2.9\tex/generic/pgf/basiclayer\pgfcorequ
ick.code.tex
File: pgfcorequick.code.tex 2021/05/15 v3.1.9a (3.1.9a)
)
(C:\Users\Xefju\AppData\Roaming\MiKTeX\2.9\tex/generic/pgf/basiclayer\pgfcoreob
jects.code.tex
File: pgfcoreobjects.code.tex 2021/05/15 v3.1.9a (3.1.9a)
)
(C:\Users\Xefju\AppData\Roaming\MiKTeX\2.9\tex/generic/pgf/basiclayer\pgfcorepa
thprocessing.code.tex
File: pgfcorepathprocessing.code.tex 2021/05/15 v3.1.9a (3.1.9a)
)
(C:\Users\Xefju\AppData\Roaming\MiKTeX\2.9\tex/generic/pgf/basiclayer\pgfcorear
rows.code.tex
File: pgfcorearrows.code.tex 2021/05/15 v3.1.9a (3.1.9a)
\pgfarrowsep=\dimen265
)
(C:\Users\Xefju\AppData\Roaming\MiKTeX\2.9\tex/generic/pgf/basiclayer\pgfcoresh
ade.code.tex
File: pgfcoreshade.code.tex 2021/05/15 v3.1.9a (3.1.9a)
\pgf@max=\dimen266
\pgf@sys@shading@range@num=\count311
\pgf@shadingcount=\count312
)
(C:\Users\Xefju\AppData\Roaming\MiKTeX\2.9\tex/generic/pgf/basiclayer\pgfcoreim
age.code.tex
File: pgfcoreimage.code.tex 2021/05/15 v3.1.9a (3.1.9a)

(C:\Users\Xefju\AppData\Roaming\MiKTeX\2.9\tex/generic/pgf/basiclayer\pgfcoreex
ternal.code.tex
File: pgfcoreexternal.code.tex 2021/05/15 v3.1.9a (3.1.9a)
\pgfexternal@startupbox=\box72
))
(C:\Users\Xefju\AppData\Roaming\MiKTeX\2.9\tex/generic/pgf/basiclayer\pgfcorela
yers.code.tex
File: pgfcorelayers.code.tex 2021/05/15 v3.1.9a (3.1.9a)
)
(C:\Users\Xefju\AppData\Roaming\MiKTeX\2.9\tex/generic/pgf/basiclayer\pgfcoretr
ansparency.code.tex
File: pgfcoretransparency.code.tex 2021/05/15 v3.1.9a (3.1.9a)
)
(C:\Users\Xefju\AppData\Roaming\MiKTeX\2.9\tex/generic/pgf/basiclayer\pgfcorepa
tterns.code.tex
File: pgfcorepatterns.code.tex 2021/05/15 v3.1.9a (3.1.9a)
)
(C:\Users\Xefju\AppData\Roaming\MiKTeX\2.9\tex/generic/pgf/basiclayer\pgfcorerd
f.code.tex
File: pgfcorerdf.code.tex 2021/05/15 v3.1.9a (3.1.9a)
)))
(C:\Users\Xefju\AppData\Roaming\MiKTeX\2.9\tex/generic/pgf/modules\pgfmodulesha
pes.code.tex
File: pgfmoduleshapes.code.tex 2021/05/15 v3.1.9a (3.1.9a)
\pgfnodeparttextbox=\box73
)
(C:\Users\Xefju\AppData\Roaming\MiKTeX\2.9\tex/generic/pgf/modules\pgfmoduleplo
t.code.tex
File: pgfmoduleplot.code.tex 2021/05/15 v3.1.9a (3.1.9a)
)
(C:\Users\Xefju\AppData\Roaming\MiKTeX\2.9\tex/latex/pgf/compatibility\pgfcomp-
version-0-65.sty
Package: pgfcomp-version-0-65 2021/05/15 v3.1.9a (3.1.9a)
\pgf@nodesepstart=\dimen267
\pgf@nodesepend=\dimen268
)
(C:\Users\Xefju\AppData\Roaming\MiKTeX\2.9\tex/latex/pgf/compatibility\pgfcomp-
version-1-18.sty
Package: pgfcomp-version-1-18 2021/05/15 v3.1.9a (3.1.9a)
))
(C:\Users\Xefju\AppData\Roaming\MiKTeX\2.9\tex/latex/pgf/utilities\pgffor.sty
(C:\Users\Xefju\AppData\Roaming\MiKTeX\2.9\tex/latex/pgf/utilities\pgfkeys.sty
(C:\Users\Xefju\AppData\Roaming\MiKTeX\2.9\tex/generic/pgf/utilities\pgfkeys.co
de.tex))
(C:\Users\Xefju\AppData\Roaming\MiKTeX\2.9\tex/latex/pgf/math\pgfmath.sty
(C:\Users\Xefju\AppData\Roaming\MiKTeX\2.9\tex/generic/pgf/math\pgfmath.code.te
x))
(C:\Users\Xefju\AppData\Roaming\MiKTeX\2.9\tex/generic/pgf/utilities\pgffor.cod
e.tex
Package: pgffor 2021/05/15 v3.1.9a (3.1.9a)

(C:\Users\Xefju\AppData\Roaming\MiKTeX\2.9\tex/generic/pgf/math\pgfmath.code.te
x)
\pgffor@iter=\dimen269
\pgffor@skip=\dimen270
\pgffor@stack=\toks40
\pgffor@toks=\toks41
))
(C:\Users\Xefju\AppData\Roaming\MiKTeX\2.9\tex/generic/pgf/frontendlayer/tikz\t
ikz.code.tex
Package: tikz 2021/05/15 v3.1.9a (3.1.9a)

(C:\Users\Xefju\AppData\Roaming\MiKTeX\2.9\tex/generic/pgf/libraries\pgflibrary
plothandlers.code.tex
File: pgflibraryplothandlers.code.tex 2021/05/15 v3.1.9a (3.1.9a)
\pgf@plot@mark@count=\count313
\pgfplotmarksize=\dimen271
)
\tikz@lastx=\dimen272
\tikz@lasty=\dimen273
\tikz@lastxsaved=\dimen274
\tikz@lastysaved=\dimen275
\tikz@lastmovetox=\dimen276
\tikz@lastmovetoy=\dimen277
\tikzleveldistance=\dimen278
\tikzsiblingdistance=\dimen279
\tikz@figbox=\box74
\tikz@figbox@bg=\box75
\tikz@tempbox=\box76
\tikz@tempbox@bg=\box77
\tikztreelevel=\count314
\tikznumberofchildren=\count315
\tikznumberofcurrentchild=\count316
\tikz@fig@count=\count317

(C:\Users\Xefju\AppData\Roaming\MiKTeX\2.9\tex/generic/pgf/modules\pgfmodulemat
rix.code.tex
File: pgfmodulematrix.code.tex 2021/05/15 v3.1.9a (3.1.9a)
\pgfmatrixcurrentrow=\count318
\pgfmatrixcurrentcolumn=\count319
\pgf@matrix@numberofcolumns=\count320
)
\tikz@expandcount=\count321

(C:\Users\Xefju\AppData\Roaming\MiKTeX\2.9\tex/generic/pgf/frontendlayer/tikz/l
ibraries\tikzlibrarytopaths.code.tex
File: tikzlibrarytopaths.code.tex 2021/05/15 v3.1.9a (3.1.9a)
)))
(C:\Users\Xefju\AppData\Roaming\MiKTeX\2.9\tex/generic/pgf/frontendlayer/tikz/l
ibraries\tikzlibraryshadows.code.tex
File: tikzlibraryshadows.code.tex 2021/05/15 v3.1.9a (3.1.9a)

(C:\Users\Xefju\AppData\Roaming\MiKTeX\2.9\tex/generic/pgf/frontendlayer/tikz/l
ibraries\tikzlibraryfadings.code.tex
File: tikzlibraryfadings.code.tex 2021/05/15 v3.1.9a (3.1.9a)

(C:\Users\Xefju\AppData\Roaming\MiKTeX\2.9\tex/generic/pgf/libraries\pgflibrary
fadings.code.tex
File: pgflibraryfadings.code.tex 2021/05/15 v3.1.9a (3.1.9a)
)))
(C:\Users\Xefju\AppData\Roaming\MiKTeX\2.9\tex/latex/pgf-blur\tikzlibraryshadow
s.blur.code.tex  v1.02, 2012/12/09
(C:\Users\Xefju\AppData\Roaming\MiKTeX\2.9\tex/generic/pgf/frontendlayer/tikz/l
ibraries\tikzlibrarycalc.code.tex
File: tikzlibrarycalc.code.tex 2021/05/15 v3.1.9a (3.1.9a)
)
\pgfbs@fading@count=\count322
)
(C:\Users\Xefju\AppData\Roaming\MiKTeX\2.9\tex/generic/pgf/frontendlayer/tikz/l
ibraries\tikzlibrarytrees.code.tex
File: tikzlibrarytrees.code.tex 2021/05/15 v3.1.9a (3.1.9a)
)
(C:\Users\Xefju\AppData\Roaming\MiKTeX\2.9\tex/generic/pgf/frontendlayer/tikz/l
ibraries\tikzlibrarymatrix.code.tex
File: tikzlibrarymatrix.code.tex 2021/05/15 v3.1.9a (3.1.9a)
)
(C:\Users\Xefju\AppData\Roaming\MiKTeX\2.9\tex/generic/pgf/frontendlayer/tikz/l
ibraries\tikzlibraryarrows.code.tex
File: tikzlibraryarrows.code.tex 2021/05/15 v3.1.9a (3.1.9a)

(C:\Users\Xefju\AppData\Roaming\MiKTeX\2.9\tex/generic/pgf/libraries\pgflibrary
arrows.code.tex
File: pgflibraryarrows.code.tex 2021/05/15 v3.1.9a (3.1.9a)
\arrowsize=\dimen280
))
(C:\Users\Xefju\AppData\Roaming\MiKTeX\2.9\tex/generic/pgf/frontendlayer/tikz/l
ibraries\tikzlibrarydecorations.code.tex
(C:\Users\Xefju\AppData\Roaming\MiKTeX\2.9\tex/generic/pgf/modules\pgfmoduledec
orations.code.tex
\pgfdecoratedcompleteddistance=\dimen281
\pgfdecoratedremainingdistance=\dimen282
\pgfdecoratedinputsegmentcompleteddistance=\dimen283
\pgfdecoratedinputsegmentremainingdistance=\dimen284
\pgf@decorate@distancetomove=\dimen285
\pgf@decorate@repeatstate=\count323
\pgfdecorationsegmentamplitude=\dimen286
\pgfdecorationsegmentlength=\dimen287
)
\tikz@lib@dec@box=\box78
)
(C:\Users\Xefju\AppData\Roaming\MiKTeX\2.9\tex/generic/pgf/frontendlayer/tikz/l
ibraries\tikzlibrarydecorations.pathmorphing.code.tex
(C:\Users\Xefju\AppData\Roaming\MiKTeX\2.9\tex/generic/pgf/libraries/decoration
s\pgflibrarydecorations.pathmorphing.code.tex))
(C:\Users\Xefju\AppData\Roaming\MiKTeX\2.9\tex/generic/pgf/frontendlayer/tikz/l
ibraries\tikzlibraryshapes.code.tex
File: tikzlibraryshapes.code.tex 2021/05/15 v3.1.9a (3.1.9a)

(C:\Users\Xefju\AppData\Roaming\MiKTeX\2.9\tex/generic/pgf/frontendlayer/tikz/l
ibraries\tikzlibraryshapes.geometric.code.tex
File: tikzlibraryshapes.geometric.code.tex 2021/05/15 v3.1.9a (3.1.9a)

(C:\Users\Xefju\AppData\Roaming\MiKTeX\2.9\tex/generic/pgf/libraries/shapes\pgf
libraryshapes.geometric.code.tex
File: pgflibraryshapes.geometric.code.tex 2021/05/15 v3.1.9a (3.1.9a)
))
(C:\Users\Xefju\AppData\Roaming\MiKTeX\2.9\tex/generic/pgf/frontendlayer/tikz/l
ibraries\tikzlibraryshapes.misc.code.tex
File: tikzlibraryshapes.misc.code.tex 2021/05/15 v3.1.9a (3.1.9a)

(C:\Users\Xefju\AppData\Roaming\MiKTeX\2.9\tex/generic/pgf/libraries/shapes\pgf
libraryshapes.misc.code.tex
File: pgflibraryshapes.misc.code.tex 2021/05/15 v3.1.9a (3.1.9a)
))
(C:\Users\Xefju\AppData\Roaming\MiKTeX\2.9\tex/generic/pgf/frontendlayer/tikz/l
ibraries\tikzlibraryshapes.symbols.code.tex
File: tikzlibraryshapes.symbols.code.tex 2021/05/15 v3.1.9a (3.1.9a)

(C:\Users\Xefju\AppData\Roaming\MiKTeX\2.9\tex/generic/pgf/libraries/shapes\pgf
libraryshapes.symbols.code.tex
File: pgflibraryshapes.symbols.code.tex 2021/05/15 v3.1.9a (3.1.9a)
))
(C:\Users\Xefju\AppData\Roaming\MiKTeX\2.9\tex/generic/pgf/frontendlayer/tikz/l
ibraries\tikzlibraryshapes.arrows.code.tex
File: tikzlibraryshapes.arrows.code.tex 2021/05/15 v3.1.9a (3.1.9a)

(C:\Users\Xefju\AppData\Roaming\MiKTeX\2.9\tex/generic/pgf/libraries/shapes\pgf
libraryshapes.arrows.code.tex
File: pgflibraryshapes.arrows.code.tex 2021/05/15 v3.1.9a (3.1.9a)
))
(C:\Users\Xefju\AppData\Roaming\MiKTeX\2.9\tex/generic/pgf/frontendlayer/tikz/l
ibraries\tikzlibraryshapes.callouts.code.tex
(C:\Users\Xefju\AppData\Roaming\MiKTeX\2.9\tex/generic/pgf/libraries/shapes\pgf
libraryshapes.callouts.code.tex))
(C:\Users\Xefju\AppData\Roaming\MiKTeX\2.9\tex/generic/pgf/frontendlayer/tikz/l
ibraries\tikzlibraryshapes.multipart.code.tex
File: tikzlibraryshapes.multipart.code.tex 2021/05/15 v3.1.9a (3.1.9a)

(C:\Users\Xefju\AppData\Roaming\MiKTeX\2.9\tex/generic/pgf/libraries/shapes\pgf
libraryshapes.multipart.code.tex
File: pgflibraryshapes.multipart.code.tex 2021/05/15 v3.1.9a (3.1.9a)
\pgfnodepartlowerbox=\box79
\pgfnodeparttwobox=\box80
\pgfnodepartthreebox=\box81
\pgfnodepartfourbox=\box82
\pgfnodeparttwentybox=\box83
\pgfnodepartnineteenbox=\box84
\pgfnodeparteighteenbox=\box85
\pgfnodepartseventeenbox=\box86
\pgfnodepartsixteenbox=\box87
\pgfnodepartfifteenbox=\box88
\pgfnodepartfourteenbox=\box89
\pgfnodepartthirteenbox=\box90
\pgfnodeparttwelvebox=\box91
\pgfnodepartelevenbox=\box92
\pgfnodeparttenbox=\box93
\pgfnodepartninebox=\box94
\pgfnodeparteightbox=\box95
\pgfnodepartsevenbox=\box96
\pgfnodepartsixbox=\box97
\pgfnodepartfivebox=\box98
)))
(C:\Users\Xefju\AppData\Roaming\MiKTeX\2.9\tex/generic/pgf/frontendlayer/tikz/l
ibraries\tikzlibrarypositioning.code.tex
File: tikzlibrarypositioning.code.tex 2021/05/15 v3.1.9a (3.1.9a)
)
(C:\Users\Xefju\AppData\Roaming\MiKTeX\2.9\tex/generic/pgf/frontendlayer/tikz/l
ibraries\tikzlibraryfit.code.tex
File: tikzlibraryfit.code.tex 2021/05/15 v3.1.9a (3.1.9a)
)
(C:\Users\Xefju\AppData\Roaming\MiKTeX\2.9\tex/latex/fp\fp.sty
Package: fp 1995/04/02

`Fixed Point Package', Version 0.8, April 2, 1995 (C) Michael Mehlich
(C:\Users\Xefju\AppData\Roaming\MiKTeX\2.9\tex/latex/fp\defpattern.sty
Package: defpattern 1994/10/12
\actioncount=\count324
)
(C:\Users\Xefju\AppData\Roaming\MiKTeX\2.9\tex/latex/fp\fp-basic.sty
Package: fp-basic 1996/05/13
\FP@xs=\count325
\FP@xia=\count326
\FP@xib=\count327
\FP@xfa=\count328
\FP@xfb=\count329
\FP@rega=\count330
\FP@regb=\count331
\FP@regs=\count332
\FP@times=\count333
)
(C:\Users\Xefju\AppData\Roaming\MiKTeX\2.9\tex/latex/fp\fp-addons.sty
Package: fp-addons 1995/03/15
)
(C:\Users\Xefju\AppData\Roaming\MiKTeX\2.9\tex/latex/fp\fp-snap.sty
Package: fp-snap 1995/04/05
)
(C:\Users\Xefju\AppData\Roaming\MiKTeX\2.9\tex/latex/fp\fp-exp.sty
Package: fp-exp 1995/04/03
)
(C:\Users\Xefju\AppData\Roaming\MiKTeX\2.9\tex/latex/fp\fp-trigo.sty
Package: fp-trigo 1995/04/14
)
(C:\Users\Xefju\AppData\Roaming\MiKTeX\2.9\tex/latex/fp\fp-pas.sty
Package: fp-pas 1994/08/29
)
(C:\Users\Xefju\AppData\Roaming\MiKTeX\2.9\tex/latex/fp\fp-random.sty
Package: fp-random 1995/02/23
\FPseed=\count334
)
(C:\Users\Xefju\AppData\Roaming\MiKTeX\2.9\tex/latex/fp\fp-eqn.sty
Package: fp-eqn 1995/04/03
)
(C:\Users\Xefju\AppData\Roaming\MiKTeX\2.9\tex/latex/fp\fp-upn.sty
Package: fp-upn 1996/10/21
)
(C:\Users\Xefju\AppData\Roaming\MiKTeX\2.9\tex/latex/fp\fp-eval.sty
Package: fp-eval 1995/04/03
))
(C:\Users\Xefju\AppData\Roaming\MiKTeX\2.9\tex/latex/pgfplots\pgfplots.sty
(C:\Users\Xefju\AppData\Roaming\MiKTeX\2.9\tex/generic/pgfplots\pgfplots.revisi
on.tex)
Package: pgfplots 2021/05/15 v1.18.1 Data Visualization (1.18.1)

(C:\Users\Xefju\AppData\Roaming\MiKTeX\2.9\tex/generic/pgfplots\pgfplots.code.t
ex
(C:\Users\Xefju\AppData\Roaming\MiKTeX\2.9\tex/generic/pgfplots\pgfplotscore.co
de.tex
\t@pgfplots@toka=\toks42
\t@pgfplots@tokb=\toks43
\t@pgfplots@tokc=\toks44
\pgfplots@tmpa=\dimen288
\c@pgfplots@coordindex=\count335
\c@pgfplots@scanlineindex=\count336

(C:\Users\Xefju\AppData\Roaming\MiKTeX\2.9\tex/generic/pgfplots/sys\pgfplotssys
generic.code.tex))
(C:\Users\Xefju\AppData\Roaming\MiKTeX\2.9\tex/generic/pgfplots/libs\pgfplotsli
brary.code.tex)
(C:\Users\Xefju\AppData\Roaming\MiKTeX\2.9\tex/generic/pgfplots/oldpgfcompatib\
pgfplotsoldpgfsupp_loader.code.tex
(C:\Users\Xefju\AppData\Roaming\MiKTeX\2.9\tex/generic/pgf/libraries\pgflibrary
fpu.code.tex))
(C:\Users\Xefju\AppData\Roaming\MiKTeX\2.9\tex/generic/pgfplots/util\pgfplotsut
il.code.tex
(C:\Users\Xefju\AppData\Roaming\MiKTeX\2.9\tex/generic/pgfplots/liststructure\p
gfplotsliststructure.code.tex)
(C:\Users\Xefju\AppData\Roaming\MiKTeX\2.9\tex/generic/pgfplots/liststructure\p
gfplotsliststructureext.code.tex)
(C:\Users\Xefju\AppData\Roaming\MiKTeX\2.9\tex/generic/pgfplots/liststructure\p
gfplotsarray.code.tex
\c@pgfplotsarray@tmp=\count337
)
(C:\Users\Xefju\AppData\Roaming\MiKTeX\2.9\tex/generic/pgfplots/liststructure\p
gfplotsmatrix.code.tex)
(C:\Users\Xefju\AppData\Roaming\MiKTeX\2.9\tex/generic/pgfplots/numtable\pgfplo
tstableshared.code.tex
\c@pgfplotstable@counta=\count338
\t@pgfplotstable@a=\toks45
)
(C:\Users\Xefju\AppData\Roaming\MiKTeX\2.9\tex/generic/pgfplots/liststructure\p
gfplotsdeque.code.tex)
(C:\Users\Xefju\AppData\Roaming\MiKTeX\2.9\tex/generic/pgfplots/util\pgfplotsbi
nary.code.tex
(C:\Users\Xefju\AppData\Roaming\MiKTeX\2.9\tex/generic/pgfplots/util\pgfplotsbi
nary.data.code.tex))
(C:\Users\Xefju\AppData\Roaming\MiKTeX\2.9\tex/generic/pgfplots/util\pgfplotsut
il.verb.code.tex)
(C:\Users\Xefju\AppData\Roaming\MiKTeX\2.9\tex/generic/pgfplots/libs\pgflibrary
pgfplots.surfshading.code.tex
\c@pgfplotslibrarysurf@no=\count339

(C:\Users\Xefju\AppData\Roaming\MiKTeX\2.9\tex/generic/pgfplots/sys\pgflibraryp
gfplots.surfshading.pgfsys-xetex.def
(C:\Users\Xefju\AppData\Roaming\MiKTeX\2.9\tex/generic/pgfplots/sys\pgflibraryp
gfplots.surfshading.pgfsys-dvipdfmx.def
\c@pgfplotslibrarysurf@streamlen=\count340
))))
(C:\Users\Xefju\AppData\Roaming\MiKTeX\2.9\tex/generic/pgfplots/util\pgfplotsco
lormap.code.tex
(C:\Users\Xefju\AppData\Roaming\MiKTeX\2.9\tex/generic/pgfplots/util\pgfplotsco
lor.code.tex))
(C:\Users\Xefju\AppData\Roaming\MiKTeX\2.9\tex/generic/pgfplots\pgfplotsstacked
plots.code.tex)
(C:\Users\Xefju\AppData\Roaming\MiKTeX\2.9\tex/generic/pgfplots\pgfplotsplothan
dlers.code.tex
(C:\Users\Xefju\AppData\Roaming\MiKTeX\2.9\tex/generic/pgfplots\pgfplotsmeshplo
thandler.code.tex
(C:\Users\Xefju\AppData\Roaming\MiKTeX\2.9\tex/generic/pgfplots\pgfplotsmeshplo
timage.code.tex)))
(C:\Users\Xefju\AppData\Roaming\MiKTeX\2.9\tex/generic/pgfplots\pgfplots.scalin
g.code.tex)
(C:\Users\Xefju\AppData\Roaming\MiKTeX\2.9\tex/generic/pgfplots\pgfplotscoordpr
ocessing.code.tex)
(C:\Users\Xefju\AppData\Roaming\MiKTeX\2.9\tex/generic/pgfplots\pgfplots.errorb
ars.code.tex)
(C:\Users\Xefju\AppData\Roaming\MiKTeX\2.9\tex/generic/pgfplots\pgfplots.marker
s.code.tex)
(C:\Users\Xefju\AppData\Roaming\MiKTeX\2.9\tex/generic/pgfplots\pgfplotsticks.c
ode.tex)
(C:\Users\Xefju\AppData\Roaming\MiKTeX\2.9\tex/generic/pgfplots\pgfplots.paths.
code.tex)
(C:\Users\Xefju\AppData\Roaming\MiKTeX\2.9\tex/generic/pgf/frontendlayer/tikz/l
ibraries\tikzlibrarydecorations.pathreplacing.code.tex
(C:\Users\Xefju\AppData\Roaming\MiKTeX\2.9\tex/generic/pgf/libraries/decoration
s\pgflibrarydecorations.pathreplacing.code.tex))
(C:\Users\Xefju\AppData\Roaming\MiKTeX\2.9\tex/generic/pgfplots/libs\tikzlibrar
ypgfplots.contourlua.code.tex)
\pgfplots@numplots=\count341
\pgfplots@xmin@reg=\dimen289
\pgfplots@xmax@reg=\dimen290
\pgfplots@ymin@reg=\dimen291
\pgfplots@ymax@reg=\dimen292
\pgfplots@zmin@reg=\dimen293
\pgfplots@zmax@reg=\dimen294
)
(C:\Users\Xefju\AppData\Roaming\MiKTeX\2.9\tex/generic/pgf/frontendlayer/tikz/l
ibraries\tikzlibraryplotmarks.code.tex
File: tikzlibraryplotmarks.code.tex 2021/05/15 v3.1.9a (3.1.9a)

(C:\Users\Xefju\AppData\Roaming\MiKTeX\2.9\tex/generic/pgf/libraries\pgflibrary
plotmarks.code.tex
File: pgflibraryplotmarks.code.tex 2021/05/15 v3.1.9a (3.1.9a)
)))
\c@definition=\count342
\c@theo=\count343

(C:\Users\Xefju\AppData\Roaming\MiKTeX\2.9\tex/latex/l3backend\l3backend-xetex.
def
File: l3backend-xetex.def 2021-05-07 L3 backend support: XeTeX
 ()
\c__kernel_sys_dvipdfmx_version_int=\count344
\l__color_backend_stack_int=\count345
\g__color_backend_stack_int=\count346
\g__graphics_track_int=\count347
\l__pdf_internal_box=\box99
\g__pdf_backend_object_int=\count348
\g__pdf_backend_annotation_int=\count349
\g__pdf_backend_link_int=\count350
) (Sujet.aux)
\openout1 = `Sujet.aux'.

LaTeX Font Info:    Checking defaults for OML/cmm/m/it on input line 50.
LaTeX Font Info:    ... okay on input line 50.
LaTeX Font Info:    Checking defaults for OMS/cmsy/m/n on input line 50.
LaTeX Font Info:    ... okay on input line 50.
LaTeX Font Info:    Checking defaults for OT1/cmr/m/n on input line 50.
LaTeX Font Info:    ... okay on input line 50.
LaTeX Font Info:    Checking defaults for T1/cmr/m/n on input line 50.
LaTeX Font Info:    ... okay on input line 50.
LaTeX Font Info:    Checking defaults for TS1/cmr/m/n on input line 50.
LaTeX Font Info:    Trying to load font information for TS1+cmr on input line 5
0.
 (C:\Program Files\MiKTeX 2.9\tex/latex/base\ts1cmr.fd
File: ts1cmr.fd 2019/12/16 v2.5j Standard LaTeX font definitions
)
LaTeX Font Info:    ... okay on input line 50.
LaTeX Font Info:    Checking defaults for TU/lmr/m/n on input line 50.
LaTeX Font Info:    ... okay on input line 50.
LaTeX Font Info:    Checking defaults for OMX/cmex/m/n on input line 50.
LaTeX Font Info:    ... okay on input line 50.
LaTeX Font Info:    Checking defaults for U/cmr/m/n on input line 50.
LaTeX Font Info:    ... okay on input line 50.
LaTeX Font Info:    Checking defaults for PD1/pdf/m/n on input line 50.
LaTeX Font Info:    ... okay on input line 50.
LaTeX Font Info:    Checking defaults for PU/pdf/m/n on input line 50.
LaTeX Font Info:    ... okay on input line 50.
Package hyperref Info: Link coloring OFF on input line 50.

(C:\Program Files\MiKTeX 2.9\tex/latex/hyperref\nameref.sty
Package: nameref 2021-04-02 v2.47 Cross-referencing by name of section

(C:\Program Files\MiKTeX 2.9\tex/latex/refcount\refcount.sty
Package: refcount 2019/12/15 v3.6 Data extraction from label references (HO)
)
(C:\Users\Xefju\AppData\Roaming\MiKTeX\2.9\tex/generic/gettitlestring\gettitles
tring.sty
Package: gettitlestring 2019/12/15 v1.6 Cleanup title references (HO)
)
\c@section@level=\count351
)
LaTeX Info: Redefining \ref on input line 50.
LaTeX Info: Redefining \pageref on input line 50.
LaTeX Info: Redefining \nameref on input line 50.
 (Sujet.out) (Sujet.out)
\@outlinefile=\write4
\openout4 = `Sujet.out'.


*geometry* driver: auto-detecting
*geometry* detected driver: xetex
*geometry* verbose mode - [ preamble ] result:
* driver: xetex
* paper: a4paper
* layout: <same size as paper>
* layoutoffset:(h,v)=(0.0pt,0.0pt)
* modes: 
* h-part:(L,W,R)=(48.0pt, 503.50787pt, 46.0pt)
* v-part:(T,H,B)=(30.0pt, 785.04684pt, 30.0pt)
* \paperwidth=597.50787pt
* \paperheight=845.04684pt
* \textwidth=503.50787pt
* \textheight=785.04684pt
* \oddsidemargin=-24.26999pt
* \evensidemargin=-24.26999pt
* \topmargin=-79.26999pt
* \headheight=12.0pt
* \headsep=25.0pt
* \topskip=11.0pt
* \footskip=30.0pt
* \marginparwidth=50.0pt
* \marginparsep=10.0pt
* \columnsep=10.0pt
* \skip\footins=10.0pt plus 4.0pt minus 2.0pt
* \hoffset=0.0pt
* \voffset=0.0pt
* \mag=1000
* \@twocolumnfalse
* \@twosidefalse
* \@mparswitchfalse
* \@reversemarginfalse
* (1in=72.27pt=25.4mm, 1cm=28.453pt)

\c@lstlisting=\count352

Package pgfplots Warning: running in backwards compatibility mode (unsuitable t
ick labels; missing features). Consider writing \pgfplotsset{compat=1.18} into 
your preamble.
 on input line 50.

LaTeX Font Info:    Trying to load font information for U+wasy on input line 52
.
(C:\Users\Xefju\AppData\Roaming\MiKTeX\2.9\tex/latex/wasysym\uwasy.fd
File: uwasy.fd 2020/01/19 v2.4 Wasy-2 symbol font definitions
)
LaTeX Font Info:    Trying to load font information for U+msa on input line 52.


(C:\Program Files\MiKTeX 2.9\tex/latex/amsfonts\umsa.fd
File: umsa.fd 2013/01/14 v3.01 AMS symbols A
)
LaTeX Font Info:    Trying to load font information for U+msb on input line 52.


(C:\Program Files\MiKTeX 2.9\tex/latex/amsfonts\umsb.fd
File: umsb.fd 2013/01/14 v3.01 AMS symbols B
) (Sujet.toc)
\tf@toc=\write5
\openout5 = `Sujet.toc'.


Overfull \hbox (4.22734pt too wide) in paragraph at lines 92--93
[]\TU/lmr/m/n/10.95 On se propose par étape de paralléliser le produit matrice–
matrice fourni dans le fichier \TU/lmtt/m/n/10.95 ProdMatMat.cpp\TU/lmr/m/n/10.
95 .
 []

[1

]
Overfull \hbox (6.73318pt too wide) detected at line 131
\OML/cmm/m/it/10.95 A \OT1/cmr/m/n/10.95 = [] \OML/cmm/m/it/10.95 ; B \OT1/cmr/
m/n/10.95 = [] \OML/cmm/m/it/10.95 ; C \OT1/cmr/m/n/10.95 = []
 []


LaTeX Warning: `h' float specifier changed to `ht'.

[2] [3] [4] (Sujet.aux)

Package rerunfilecheck Warning: File `Sujet.out' has changed.
(rerunfilecheck)                Rerun to get outlines right
(rerunfilecheck)                or use package `bookmark'.

Package rerunfilecheck Info: Checksums for `Sujet.out':
(rerunfilecheck)             Before: FFE11E00A859D167551D8FA84CFC05BF;378
(rerunfilecheck)             After:  6BA2EB3651D44B7B4E54EC1A14BAFC1A;872.
 ) 
Here is how much of TeX's memory you used:
 35429 strings out of 411239
 804942 string characters out of 2831323
 1335724 words of memory out of 3000000
 55276 multiletter control sequences out of 15000+600000
 415190 words of font info for 88 fonts, out of 8000000 for 9000
 1348 hyphenation exceptions out of 8191
 84i,9n,83p,718b,746s stack positions out of 5000i,500n,10000p,200000b,80000s

Output written on Sujet.pdf (4 pages).
